You have triggered an unhandledRejection, you may have forgotten to catch a Promise rejection:
Error: bind EADDRINUSE 0.0.0.0:3000
    at listenOnPrimaryHandle (node:net:2021:18)
    at rr (node:internal/cluster/child:163:12)
    at Worker.<anonymous> (node:internal/cluster/child:113:7)
    at process.onInternalMessage (node:internal/cluster/utils:49:5)
    at process.emit (node:events:531:35)
    at emit (node:internal/child_process:949:14)
    at process.processTicksAndRejections (node:internal/process/task_queues:91:21)
2025-09-28 23:21:24 +00:00: 23:21:24 [ERROR] [@astrojs/node] Unhandled rejection while rendering undefined
2025-09-28 23:21:24 +00:00: Error: bind EADDRINUSE 0.0.0.0:3000
    at listenOnPrimaryHandle (node:net:2021:18)
    at rr (node:internal/cluster/child:163:12)
    at Worker.<anonymous> (node:internal/cluster/child:113:7)
    at process.onInternalMessage (node:internal/cluster/utils:49:5)
    at process.emit (node:events:531:35)
    at emit (node:internal/child_process:949:14)
    at process.processTicksAndRejections (node:internal/process/task_queues:91:21) {
  errno: -98,
  code: 'EADDRINUSE',
  syscall: 'bind',
  address: '0.0.0.0',
  port: 3000
}
2025-09-28 23:21:24 +00:00: 23:21:24 [ERROR] [@astrojs/node] Unhandled rejection while rendering undefined
2025-09-28 23:21:24 +00:00: Error: bind EADDRINUSE 0.0.0.0:3000
    at listenOnPrimaryHandle (node:net:2021:18)
    at rr (node:internal/cluster/child:163:12)
    at Worker.<anonymous> (node:internal/cluster/child:113:7)
    at process.onInternalMessage (node:internal/cluster/utils:49:5)
    at process.emit (node:events:531:35)
    at emit (node:internal/child_process:949:14)
    at process.processTicksAndRejections (node:internal/process/task_queues:91:21) {
  errno: -98,
  code: 'EADDRINUSE',
  syscall: 'bind',
  address: '0.0.0.0',
  port: 3000
}
You have triggered an unhandledRejection, you may have forgotten to catch a Promise rejection:
Error: bind EADDRINUSE 0.0.0.0:3001
    at listenOnPrimaryHandle (node:net:2021:18)
    at rr (node:internal/cluster/child:163:12)
    at Worker.<anonymous> (node:internal/cluster/child:113:7)
    at process.onInternalMessage (node:internal/cluster/utils:49:5)
    at process.emit (node:events:531:35)
    at emit (node:internal/child_process:949:14)
    at process.processTicksAndRejections (node:internal/process/task_queues:91:21)
2025-09-28 23:25:06 +00:00: 23:25:06 [ERROR] [@astrojs/node] Unhandled rejection while rendering undefined
2025-09-28 23:25:06 +00:00: Error: bind EADDRINUSE 0.0.0.0:3001
    at listenOnPrimaryHandle (node:net:2021:18)
    at rr (node:internal/cluster/child:163:12)
    at Worker.<anonymous> (node:internal/cluster/child:113:7)
    at process.onInternalMessage (node:internal/cluster/utils:49:5)
    at process.emit (node:events:531:35)
    at emit (node:internal/child_process:949:14)
    at process.processTicksAndRejections (node:internal/process/task_queues:91:21) {
  errno: -98,
  code: 'EADDRINUSE',
  syscall: 'bind',
  address: '0.0.0.0',
  port: 3001
}
2025-09-28 23:25:06 +00:00: 23:25:06 [ERROR] [@astrojs/node] Unhandled rejection while rendering undefined
2025-09-28 23:25:06 +00:00: Error: bind EADDRINUSE 0.0.0.0:3001
    at listenOnPrimaryHandle (node:net:2021:18)
    at rr (node:internal/cluster/child:163:12)
    at Worker.<anonymous> (node:internal/cluster/child:113:7)
    at process.onInternalMessage (node:internal/cluster/utils:49:5)
    at process.emit (node:events:531:35)
    at emit (node:internal/child_process:949:14)
    at process.processTicksAndRejections (node:internal/process/task_queues:91:21) {
  errno: -98,
  code: 'EADDRINUSE',
  syscall: 'bind',
  address: '0.0.0.0',
  port: 3001
}
